#
# A fatal error has been detected by the Java Runtime Environment:
#
#  EXCEPTION_ACCESS_VIOLATION (0xc0000005) at pc=0x000000007303244a, pid=13840, tid=0x0000000000001a10
#
# JRE version: OpenJDK Runtime Environment (8.0_242-b01) (build 1.8.0_242-release-1644-b01)
# Java VM: OpenJDK 64-Bit Server VM (25.242-b01 mixed mode windows-amd64 compressed oops)
# Problematic frame:
# V  [jvm.dll+0x4e244a]
#
# Failed to write core dump. Minidumps are not enabled by default on client versions of Windows
#
# If you would like to submit a bug report, please visit:
#   
#

---------------  T H R E A D  ---------------

Current thread (0x0000000019ba7800):  JavaThread "C2 CompilerThread2" daemon [_thread_in_native, id=6672, stack(0x000000001a6d0000,0x000000001a7d0000)]

siginfo: ExceptionCode=0xc0000005, reading address 0x0000000000000000

Registers:
RAX=0x00000000304638e0, RBX=0x00000000336b8188, RCX=0x000000001a7cd1e0, RDX=0x00000000336b8188
RSP=0x000000001a7cbb10, RBP=0x000000001a7cd1e0, RSI=0x0000000000000030, RDI=0x0000000000000000
R8 =0x0000000000003a7f, R9 =0x0000000000000001, R10=0x0000000000007fff, R11=0x0000000031020f70
R12=0x00000000336b8d98, R13=0x000000000000007c, R14=0x00000000336b8e18, R15=0x000000001a7cd1e0
RIP=0x000000007303244a, EFLAGS=0x0000000000010202

Top of Stack: (sp=0x000000001a7cbb10)
0x000000001a7cbb10:   000000001a7cd1e0 00000000336b8d98
0x000000001a7cbb20:   000000000000006c 00000000336b8e18
0x000000001a7cbb30:   000000001f521690 000000001a7cbb98
0x000000001a7cbb40:   00000000336b8188 00000000730321e1
0x000000001a7cbb50:   0000000000000008 000000001ce7c510
0x000000001a7cbb60:   0000000000000002 0000000034c3c840
0x000000001a7cbb70:   00000e5c00000148 0000000000000000
0x000000001a7cbb80:   0000000000000007 00000000341c6000
0x000000001a7cbb90:   00000000731002f8 000000001f521c38
0x000000001a7cbba0:   000000001f521690 000000001a7cd1e0
0x000000001a7cbbb0:   000000001a7cbcf0 000000007302f77b
0x000000001a7cbbc0:   0000000033924870 0000000019ba6020
0x000000001a7cbbd0:   000000001a7ce8c0 000000001f519c50
0x000000001a7cbbe0:   0000000000000028 0000000072f96eb4
0x000000001a7cbbf0:   0000000000000028 0000000019ba6020
0x000000001a7cbc00:   0000000019ba6000 000000001a7ce800 

Instructions: (pc=0x000000007303244a)
0x000000007303242a:   cc cc cc cc cc cc 40 53 55 57 48 83 ec 20 48 8b
0x000000007303243a:   41 50 44 8b 42 28 48 8b e9 4a 8b 3c c0 48 8b da
0x000000007303244a:   48 8b 07 48 8b cf ff 50 40 84 c0 0f 84 94 01 00
0x000000007303245a:   00 48 8b 15 0e f2 2e 00 48 89 74 24 40 4c 89 64 


Register to memory mapping:

RAX=0x00000000304638e0 is an unknown value
RBX=0x00000000336b8188 is an unknown value
RCX=0x000000001a7cd1e0 is pointing into the stack for thread: 0x0000000019ba7800
RDX=0x00000000336b8188 is an unknown value
RSP=0x000000001a7cbb10 is pointing into the stack for thread: 0x0000000019ba7800
RBP=0x000000001a7cd1e0 is pointing into the stack for thread: 0x0000000019ba7800
RSI=0x0000000000000030 is an unknown value
RDI=0x0000000000000000 is an unknown value
R8 =0x0000000000003a7f is an unknown value
R9 =0x0000000000000001 is an unknown value
R10=0x0000000000007fff is an unknown value
R11=0x0000000031020f70 is an unknown value
R12=0x00000000336b8d98 is an unknown value
R13=0x000000000000007c is an unknown value
R14=0x00000000336b8e18 is an unknown value
R15=0x000000001a7cd1e0 is pointing into the stack for thread: 0x0000000019ba7800


Stack: [0x000000001a6d0000,0x000000001a7d0000],  sp=0x000000001a7cbb10,  free space=1006k
Native frames: (J=compiled Java code, j=interpreted, Vv=VM code, C=native code)
V  [jvm.dll+0x4e244a]
V  [jvm.dll+0x4e21e1]
V  [jvm.dll+0x4df77b]
V  [jvm.dll+0x446eb4]
V  [jvm.dll+0x447f14]
V  [jvm.dll+0x42b072]
V  [jvm.dll+0x8230f]
V  [jvm.dll+0x82c7f]
V  [jvm.dll+0x220b7f]
V  [jvm.dll+0x27276a]
C  [msvcr100.dll+0x21d9f]
C  [msvcr100.dll+0x21e3b]
C  [KERNEL32.DLL+0x17bd4]
C  [ntdll.dll+0x6cee1]


Current CompileTask:
C2:12091465 35710 %     4       com.android.tools.r8.ir.regalloc.a::a @ 9 (952 bytes)


---------------  P R O C E S S  ---------------

Java Threads: ( => current thread )
  0x0000000021cc7000 JavaThread "ForkJoinPool-57-worker-0" daemon [_thread_blocked, id=6592, stack(0x0000000035d80000,0x0000000035e80000)]
  0x0000000021cc6800 JavaThread "ForkJoinPool-57-worker-7" daemon [_thread_blocked, id=17364, stack(0x0000000035c80000,0x0000000035d80000)]
  0x0000000021cbf800 JavaThread "ForkJoinPool-57-worker-6" daemon [_thread_blocked, id=17344, stack(0x0000000035b80000,0x0000000035c80000)]
  0x0000000021cc5800 JavaThread "ForkJoinPool-57-worker-5" daemon [_thread_blocked, id=18100, stack(0x0000000035a80000,0x0000000035b80000)]
  0x0000000021cbd000 JavaThread "ForkJoinPool-57-worker-4" daemon [_thread_blocked, id=16552, stack(0x0000000035980000,0x0000000035a80000)]
  0x0000000021cbe800 JavaThread "ForkJoinPool-57-worker-3" daemon [_thread_blocked, id=16896, stack(0x0000000035880000,0x0000000035980000)]
  0x0000000021cbe000 JavaThread "ForkJoinPool-57-worker-2" daemon [_thread_blocked, id=1740, stack(0x0000000035780000,0x0000000035880000)]
  0x000000001c766800 JavaThread "ForkJoinPool-57-worker-1" daemon [_thread_in_Java, id=13192, stack(0x0000000035680000,0x0000000035780000)]
  0x000000001c76b000 JavaThread "WorkerExecutor Queue Thread 6" [_thread_blocked, id=19512, stack(0x0000000035580000,0x0000000035680000)]
  0x0000000020639800 JavaThread "WorkerExecutor Queue Thread 5" [_thread_blocked, id=18284, stack(0x0000000035480000,0x0000000035580000)]
  0x0000000020638800 JavaThread "WorkerExecutor Queue Thread 4" [_thread_blocked, id=8032, stack(0x0000000035260000,0x0000000035360000)]
  0x0000000020637000 JavaThread "WorkerExecutor Queue Thread 3" [_thread_blocked, id=684, stack(0x0000000035160000,0x0000000035260000)]
  0x0000000020636800 JavaThread "WorkerExecutor Queue Thread 2" [_thread_blocked, id=4360, stack(0x0000000035060000,0x0000000035160000)]
  0x0000000020635800 JavaThread "WorkerExecutor Queue" [_thread_blocked, id=21328, stack(0x0000000034f60000,0x0000000035060000)]
  0x000000002062c000 JavaThread "ForkJoinPool.commonPool-worker-0" daemon [_thread_blocked, id=20412, stack(0x0000000034e60000,0x0000000034f60000)]
  0x000000002062f800 JavaThread "ForkJoinPool.commonPool-worker-7" daemon [_thread_blocked, id=4276, stack(0x0000000034d60000,0x0000000034e60000)]
  0x0000000020632800 JavaThread "ForkJoinPool.commonPool-worker-6" daemon [_thread_blocked, id=19996, stack(0x0000000034c60000,0x0000000034d60000)]
  0x000000002062f000 JavaThread "ForkJoinPool.commonPool-worker-5" daemon [_thread_blocked, id=4104, stack(0x0000000032ae0000,0x0000000032be0000)]
  0x0000000020632000 JavaThread "ForkJoinPool.commonPool-worker-4" daemon [_thread_blocked, id=6420, stack(0x00000000329e0000,0x0000000032ae0000)]
  0x0000000020630800 JavaThread "ForkJoinPool.commonPool-worker-3" daemon [_thread_blocked, id=1492, stack(0x00000000326e0000,0x00000000327e0000)]
  0x000000002062d800 JavaThread "ForkJoinPool.commonPool-worker-2" daemon [_thread_blocked, id=2736, stack(0x00000000325e0000,0x00000000326e0000)]
  0x000000002062e000 JavaThread "Cache worker for Java compile cache (E:\Project\CekWarteg\.gradle\6.5\javaCompile)" [_thread_blocked, id=20608, stack(0x00000000309b0000,0x0000000030ab0000)]
  0x000000001d0a0800 JavaThread "Cache worker for execution history cache (E:\Project\CekWarteg\.gradle\6.5\executionHistory)" [_thread_blocked, id=5244, stack(0x00000000308b0000,0x00000000309b0000)]
  0x000000001d09e800 JavaThread "Execution worker for ':' Thread 7" [_thread_blocked, id=3804, stack(0x00000000307b0000,0x00000000308b0000)]
  0x000000001d0a0000 JavaThread "Execution worker for ':' Thread 6" [_thread_blocked, id=16948, stack(0x00000000306b0000,0x00000000307b0000)]
  0x000000001d0a1800 JavaThread "Execution worker for ':' Thread 5" [_thread_blocked, id=19172, stack(0x000000002f3e0000,0x000000002f4e0000)]
  0x000000001d097000 JavaThread "Execution worker for ':' Thread 4" [_thread_blocked, id=18088, stack(0x000000002f2e0000,0x000000002f3e0000)]
  0x000000001d096000 JavaThread "Execution worker for ':' Thread 3" [_thread_blocked, id=2232, stack(0x000000002d1f0000,0x000000002d2f0000)]
  0x000000001d09a800 JavaThread "Execution worker for ':' Thread 2" [_thread_blocked, id=17884, stack(0x000000002c9d0000,0x000000002cad0000)]
  0x000000001d09d000 JavaThread "Execution worker for ':'" [_thread_blocked, id=6140, stack(0x000000002ae80000,0x000000002af80000)]
  0x000000001d093000 JavaThread "Cache worker for file content cache (E:\Project\CekWarteg\.gradle\6.5\fileContent)" [_thread_blocked, id=10976, stack(0x000000002a900000,0x000000002aa00000)]
  0x000000001d092800 JavaThread "Cache worker for Build Output Cleanup Cache (E:\Project\CekWarteg\.gradle\buildOutputCleanup)" [_thread_blocked, id=14152, stack(0x000000002a1b0000,0x000000002a2b0000)]
  0x000000001d097800 JavaThread "jar transforms Thread 3772" [_thread_blocked, id=12080, stack(0x0000000029ab0000,0x0000000029bb0000)]
  0x000000001d094800 JavaThread "jar transforms Thread 3771" [_thread_blocked, id=20148, stack(0x0000000029740000,0x0000000029840000)]
  0x000000001d095800 JavaThread "jar transforms Thread 3770" [_thread_blocked, id=15672, stack(0x0000000029440000,0x0000000029540000)]
  0x000000001d098800 JavaThread "jar transforms Thread 3769" [_thread_blocked, id=1036, stack(0x0000000029340000,0x0000000029440000)]
  0x0000000020b9b800 JavaThread "jar transforms Thread 3768" [_thread_blocked, id=18584, stack(0x0000000029240000,0x0000000029340000)]
  0x0000000020b9f800 JavaThread "jar transforms Thread 3767" [_thread_blocked, id=10412, stack(0x0000000029140000,0x0000000029240000)]
  0x0000000020b9c800 JavaThread "jar transforms Thread 3766" [_thread_blocked, id=6084, stack(0x0000000029040000,0x0000000029140000)]
  0x0000000020b9d000 JavaThread "jar transforms Thread 3765" [_thread_blocked, id=11528, stack(0x0000000028f40000,0x0000000029040000)]
  0x0000000020b95800 JavaThread "jar transforms Thread 3764" [_thread_blocked, id=2272, stack(0x0000000028e40000,0x0000000028f40000)]
  0x0000000020b94000 JavaThread "jar transforms Thread 3763" [_thread_blocked, id=16192, stack(0x0000000028d40000,0x0000000028e40000)]
  0x0000000020b9b000 JavaThread "jar transforms Thread 3762" [_thread_blocked, id=16124, stack(0x0000000028c40000,0x0000000028d40000)]
  0x0000000020b95000 JavaThread "jar transforms Thread 3761" [_thread_blocked, id=6948, stack(0x0000000028b40000,0x0000000028c40000)]
  0x0000000020b93800 JavaThread "jar transforms Thread 3760" [_thread_blocked, id=3260, stack(0x0000000028a40000,0x0000000028b40000)]
  0x0000000020b9a000 JavaThread "jar transforms Thread 3759" [_thread_blocked, id=17052, stack(0x0000000028940000,0x0000000028a40000)]
  0x0000000020b92800 JavaThread "jar transforms Thread 3758" [_thread_blocked, id=6808, stack(0x0000000028840000,0x0000000028940000)]
  0x0000000020b92000 JavaThread "jar transforms Thread 3757" [_thread_blocked, id=16000, stack(0x0000000028740000,0x0000000028840000)]
  0x0000000020b98000 JavaThread "jar transforms Thread 3756" [_thread_blocked, id=20936, stack(0x0000000028640000,0x0000000028740000)]
  0x0000000020b98800 JavaThread "jar transforms Thread 3755" [_thread_blocked, id=12864, stack(0x0000000028540000,0x0000000028640000)]
  0x0000000020b96800 JavaThread "jar transforms Thread 3754" [_thread_blocked, id=19968, stack(0x0000000028440000,0x0000000028540000)]
  0x0000000020b97000 JavaThread "jar transforms Thread 3753" [_thread_blocked, id=12180, stack(0x0000000028340000,0x0000000028440000)]
  0x0000000020b90800 JavaThread "jar transforms Thread 3752" [_thread_blocked, id=14768, stack(0x0000000028240000,0x0000000028340000)]
  0x00000000215a9800 JavaThread "jar transforms Thread 3751" [_thread_blocked, id=10768, stack(0x0000000028140000,0x0000000028240000)]
  0x00000000215a9000 JavaThread "jar transforms Thread 3750" [_thread_blocked, id=18152, stack(0x0000000028040000,0x0000000028140000)]
  0x00000000215a6000 JavaThread "jar transforms Thread 3749" [_thread_blocked, id=10052, stack(0x0000000027f40000,0x0000000028040000)]
  0x00000000215a5000 JavaThread "jar transforms Thread 3748" [_thread_blocked, id=20924, stack(0x0000000027e40000,0x0000000027f40000)]
  0x00000000215aa800 JavaThread "jar transforms Thread 3747" [_thread_blocked, id=8444, stack(0x0000000027d40000,0x0000000027e40000)]
  0x00000000215a4800 JavaThread "jar transforms Thread 3746" [_thread_blocked, id=16548, stack(0x0000000027c40000,0x0000000027d40000)]
  0x00000000215a8000 JavaThread "jar transforms Thread 3745" [_thread_blocked, id=14196, stack(0x0000000027b40000,0x0000000027c40000)]
  0x00000000215ab000 JavaThread "jar transforms Thread 3744" [_thread_blocked, id=16620, stack(0x0000000027a40000,0x0000000027b40000)]
  0x000000002159d800 JavaThread "jar transforms Thread 3743" [_thread_blocked, id=2828, stack(0x0000000027940000,0x0000000027a40000)]
  0x00000000215a3000 JavaThread "jar transforms Thread 3742" [_thread_blocked, id=19168, stack(0x0000000027840000,0x0000000027940000)]
  0x00000000215a3800 JavaThread "jar transforms Thread 3741" [_thread_blocked, id=20112, stack(0x0000000027740000,0x0000000027840000)]
  0x00000000215a1800 JavaThread "jar transforms Thread 3740" [_thread_blocked, id=13204, stack(0x0000000027640000,0x0000000027740000)]
  0x000000002159d000 JavaThread "jar transforms Thread 3739" [_thread_blocked, id=2788, stack(0x0000000027540000,0x0000000027640000)]
  0x00000000215a0800 JavaThread "jar transforms Thread 3738" [_thread_blocked, id=6788, stack(0x0000000027440000,0x0000000027540000)]
  0x000000002159e800 JavaThread "jar transforms Thread 3737" [_thread_blocked, id=5916, stack(0x0000000027340000,0x0000000027440000)]
  0x00000000215a0000 JavaThread "jar transforms Thread 3736" [_thread_blocked, id=14012, stack(0x0000000027240000,0x0000000027340000)]
  0x000000002159c000 JavaThread "jar transforms Thread 3735" [_thread_blocked, id=4168, stack(0x0000000027140000,0x0000000027240000)]
  0x000000002159f000 JavaThread "jar transforms Thread 3734" [_thread_blocked, id=14176, stack(0x0000000027040000,0x0000000027140000)]
  0x00000000215a2000 JavaThread "jar transforms Thread 3733" [_thread_blocked, id=5056, stack(0x0000000026f40000,0x0000000027040000)]
  0x000000001cfeb800 JavaThread "jar transforms Thread 3732" [_thread_blocked, id=17672, stack(0x0000000026e40000,0x0000000026f40000)]
  0x000000001cff0000 JavaThread "jar transforms Thread 3731" [_thread_blocked, id=1812, stack(0x0000000026d40000,0x0000000026e40000)]
  0x000000001cfeb000 JavaThread "jar transforms Thread 3730" [_thread_blocked, id=8180, stack(0x0000000026c40000,0x0000000026d40000)]
  0x000000001cfec800 JavaThread "jar transforms Thread 3729" [_thread_blocked, id=21244, stack(0x0000000026b40000,0x0000000026c40000)]
  0x000000001cfee000 JavaThread "jar transforms Thread 3728" [_thread_blocked, id=4032, stack(0x0000000026a40000,0x0000000026b40000)]
  0x000000001cfef800 JavaThread "jar transforms Thread 3727" [_thread_blocked, id=8956, stack(0x0000000026940000,0x0000000026a40000)]
  0x000000001cff1000 JavaThread "jar transforms Thread 3726" [_thread_blocked, id=14672, stack(0x0000000026840000,0x0000000026940000)]
  0x000000001cfe3800 JavaThread "jar transforms Thread 3725" [_thread_blocked, id=16212, stack(0x0000000026740000,0x0000000026840000)]
  0x000000001cfea000 JavaThread "jar transforms Thread 3724" [_thread_blocked, id=612, stack(0x0000000026640000,0x0000000026740000)]
  0x000000001cfe9800 JavaThread "jar transforms Thread 3723" [_thread_blocked, id=19412, stack(0x0000000026540000,0x0000000026640000)]
  0x000000001cfe8800 JavaThread "jar transforms Thread 3722" [_thread_blocked, id=7776, stack(0x0000000026440000,0x0000000026540000)]
  0x000000001cfe6800 JavaThread "jar transforms Thread 3721" [_thread_blocked, id=8616, stack(0x0000000026340000,0x0000000026440000)]
  0x000000001cfe5800 JavaThread "jar transforms Thread 3720" [_thread_blocked, id=20196, stack(0x0000000026240000,0x0000000026340000)]
  0x000000001cfe2800 JavaThread "jar transforms Thread 3719" [_thread_blocked, id=16800, stack(0x0000000026140000,0x0000000026240000)]
  0x000000001cfe8000 JavaThread "jar transforms Thread 3718" [_thread_blocked, id=14544, stack(0x0000000026040000,0x0000000026140000)]
  0x000000001cfe2000 JavaThread "jar transforms Thread 3717" [_thread_blocked, id=14116, stack(0x0000000025f40000,0x0000000026040000)]
  0x000000001cfe4000 JavaThread "jar transforms Thread 3716" [_thread_blocked, id=16112, stack(0x0000000025e40000,0x0000000025f40000)]
  0x000000001cfe5000 JavaThread "jar transforms Thread 3715" [_thread_blocked, id=18216, stack(0x0000000025d40000,0x0000000025e40000)]
  0x000000001cfe7000 JavaThread "jar transforms Thread 3714" [_thread_blocked, id=16136, stack(0x0000000025c40000,0x0000000025d40000)]
  0x000000002c2f9800 JavaThread "jar transforms Thread 3713" [_thread_blocked, id=12656, stack(0x0000000025b40000,0x0000000025c40000)]
  0x000000002c2fb000 JavaThread "jar transforms Thread 3712" [_thread_blocked, id=7176, stack(0x0000000025a40000,0x0000000025b40000)]
  0x000000002c2fd000 JavaThread "jar transforms Thread 3711" [_thread_blocked, id=17412, stack(0x0000000025940000,0x0000000025a40000)]
  0x000000002c2fe000 JavaThread "jar transforms Thread 3710" [_thread_blocked, id=2500, stack(0x0000000025840000,0x0000000025940000)]
  0x000000002c2f7000 JavaThread "jar transforms Thread 3709" [_thread_blocked, id=17036, stack(0x0000000025740000,0x0000000025840000)]
  0x000000002c2fa000 JavaThread "jar transforms Thread 3708" [_thread_blocked, id=8064, stack(0x0000000025640000,0x0000000025740000)]
  0x000000002c2fc800 JavaThread "jar transforms Thread 3707" [_thread_blocked, id=2132, stack(0x0000000025540000,0x0000000025640000)]
  0x000000002c2f6800 JavaThread "jar transforms Thread 3706" [_thread_blocked, id=20240, stack(0x0000000025440000,0x0000000025540000)]
  0x000000002c2fb800 JavaThread "jar transforms Thread 3705" [_thread_blocked, id=19588, stack(0x0000000025340000,0x0000000025440000)]
  0x000000002c2f8800 JavaThread "jar transforms Thread 3704" [_thread_blocked, id=10120, stack(0x0000000025240000,0x0000000025340000)]
  0x000000002c2f8000 JavaThread "jar transforms Thread 3703" [_thread_blocked, id=20568, stack(0x0000000025140000,0x0000000025240000)]
  0x000000002c2ef000 JavaThread "jar transforms Thread 3702" [_thread_blocked, id=13504, stack(0x0000000025040000,0x0000000025140000)]
  0x000000002c2f5000 JavaThread "jar transforms Thread 3701" [_thread_blocked, id=8148, stack(0x0000000024f40000,0x0000000025040000)]
  0x000000002c2f5800 JavaThread "jar transforms Thread 3700" [_thread_blocked, id=13960, stack(0x0000000024e40000,0x0000000024f40000)]
  0x000000002c2f4000 JavaThread "jar transforms Thread 3699" [_thread_blocked, id=14400, stack(0x0000000024d40000,0x0000000024e40000)]
  0x000000002c2ec800 JavaThread "jar transforms Thread 3698" [_thread_blocked, id=5740, stack(0x0000000024c40000,0x0000000024d40000)]
  0x000000002c2f2000 JavaThread "jar transforms Thread 3697" [_thread_blocked, id=21004, stack(0x0000000024b40000,0x0000000024c40000)]
  0x000000002c2f1000 JavaThread "jar transforms Thread 3696" [_thread_blocked, id=16860, stack(0x0000000024a40000,0x0000000024b40000)]
  0x000000002c2f0800 JavaThread "jar transforms Thread 3695" [_thread_blocked, id=10004, stack(0x0000000024940000,0x0000000024a40000)]
  0x000000002c2f3800 JavaThread "jar transforms Thread 3694" [_thread_blocked, id=3764, stack(0x0000000024840000,0x0000000024940000)]
  0x000000002c2f2800 JavaThread "jar transforms Thread 3693" [_thread_blocked, id=18796, stack(0x0000000024740000,0x0000000024840000)]
  0x000000002c2e8000 JavaThread "jar transforms Thread 3692" [_thread_blocked, id=13884, stack(0x00000000242c0000,0x00000000243c0000)]
  0x000000002c2ee000 JavaThread "jar transforms Thread 3691" [_thread_blocked, id=10176, stack(0x00000000241c0000,0x00000000242c0000)]
  0x000000002c2ea800 JavaThread "jar transforms Thread 3690" [_thread_blocked, id=10348, stack(0x00000000240c0000,0x00000000241c0000)]
  0x000000002c2ec000 JavaThread "jar transforms Thread 3689" [_thread_blocked, id=19244, stack(0x0000000023fc0000,0x00000000240c0000)]
  0x000000002c2ed800 JavaThread "jar transforms Thread 3688" [_thread_blocked, id=13820, stack(0x0000000023ec0000,0x0000000023fc0000)]
  0x000000002c2e9000 JavaThread "jar transforms Thread 3687" [_thread_blocked, id=9964, stack(0x0000000023dc0000,0x0000000023ec0000)]
  0x000000002c2e9800 JavaThread "jar transforms Thread 3686" [_thread_blocked, id=12824, stack(0x0000000023cc0000,0x0000000023dc0000)]
  0x000000002c2eb000 JavaThread "jar transforms Thread 3685" [_thread_blocked, id=17520, stack(0x0000000023bc0000,0x0000000023cc0000)]
  0x000000002c2e0800 JavaThread "jar transforms Thread 3684" [_thread_blocked, id=15448, stack(0x0000000023ac0000,0x0000000023bc0000)]
  0x000000002c2e7800 JavaThread "jar transforms Thread 3683" [_thread_blocked, id=10476, stack(0x00000000239c0000,0x0000000023ac0000)]
  0x000000002c2e0000 JavaThread "jar transforms Thread 3682" [_thread_blocked, id=18300, stack(0x00000000238c0000,0x00000000239c0000)]
  0x000000002c2e6800 JavaThread "jar transforms Thread 3681" [_thread_blocked, id=15092, stack(0x00000000237c0000,0x00000000238c0000)]
  0x000000002c2df000 JavaThread "Build operations Thread 8" [_thread_blocked, id=8152, stack(0x00000000236c0000,0x00000000237c0000)]
  0x000000002c2e5000 JavaThread "Build operations Thread 7" [_thread_blocked, id=7716, stack(0x00000000235c0000,0x00000000236c0000)]
  0x000000002c2e6000 JavaThread "Build operations Thread 6" [_thread_blocked, id=11848, stack(0x00000000234c0000,0x00000000235c0000)]
  0x000000002c2e1800 JavaThread "Build operations Thread 5" [_thread_blocked, id=21032, stack(0x00000000233c0000,0x00000000234c0000)]
  0x000000002c2e3000 JavaThread "Build operations Thread 4" [_thread_blocked, id=18660, stack(0x0000000022bc0000,0x0000000022cc0000)]
  0x000000002c2e3800 JavaThread "Build operations Thread 3" [_thread_blocked, id=2376, stack(0x00000000223c0000,0x00000000224c0000)]
  0x000000002c2e2000 JavaThread "Build operations Thread 2" [_thread_blocked, id=2964, stack(0x00000000222c0000,0x00000000223c0000)]
  0x00000000202de800 JavaThread "Build operations" [_thread_blocked, id=17532, stack(0x0000000020f10000,0x0000000021010000)]
  0x00000000202df000 JavaThread "Cache worker for cache directory md-rule (C:\Users\saipu\.gradle\caches\6.5\md-rule)" [_thread_blocked, id=15368, stack(0x000000001fd80000,0x000000001fe80000)]
  0x00000000202d5800 JavaThread "Cache worker for cache directory md-supplier (C:\Users\saipu\.gradle\caches\6.5\md-supplier)" [_thread_blocked, id=4744, stack(0x000000001e3b0000,0x000000001e4b0000)]
  0x00000000202dc000 JavaThread "Cache worker for checksums cache (E:\Project\CekWarteg\.gradle\checksums)" [_thread_blocked, id=2008, stack(0x000000001e0b0000,0x000000001e1b0000)]
  0x00000000202db800 JavaThread "Cache worker for file hash cache (E:\Project\CekWarteg\.gradle\6.5\fileHashes)" [_thread_blocked, id=1412, stack(0x000000001deb0000,0x000000001dfb0000)]
  0x00000000202da800 JavaThread "Thread-5490" [_thread_blocked, id=21124, stack(0x000000001dbb0000,0x000000001dcb0000)]
  0x00000000202da000 JavaThread "Stdin handler" [_thread_blocked, id=8924, stack(0x000000001dab0000,0x000000001dbb0000)]
  0x00000000202d1800 JavaThread "Asynchronous log dispatcher for DefaultDaemonConnection: socket connection from /127.0.0.1:62676 to /127.0.0.1:65076" [_thread_blocked, id=12548, stack(0x000000001d670000,0x000000001d770000)]
  0x00000000202d7800 JavaThread "Daemon worker Thread 40" [_thread_blocked, id=6484, stack(0x000000001d570000,0x000000001d670000)]
  0x00000000202d8800 JavaThread "Cancel handler" [_thread_blocked, id=16392, stack(0x0000000000db0000,0x0000000000eb0000)]
  0x00000000202d0000 JavaThread "Handler for socket connection from /127.0.0.1:62676 to /127.0.0.1:65076" [_thread_in_native, id=13856, stack(0x0000000000cb0000,0x0000000000db0000)]
  0x00000000202d3000 JavaThread "Daemon Thread 40" [_thread_blocked, id=15824, stack(0x0000000000bb0000,0x0000000000cb0000)]
  0x0000000020638000 JavaThread "Cache worker for Java compile cache (C:\Users\saipu\.gradle\caches\6.5\javaCompile)" [_thread_blocked, id=11300, stack(0x000000002ced0000,0x000000002cfd0000)]
  0x000000001cfee800 JavaThread "Memory manager" [_thread_blocked, id=3760, stack(0x000000002aa90000,0x000000002ab90000)]
  0x000000001c767800 JavaThread "Cache worker for file content cache (C:\Users\saipu\.gradle\caches\6.5\fileContent)" [_thread_blocked, id=12616, stack(0x0000000022cc0000,0x0000000022dc0000)]
  0x000000001c76d800 JavaThread "Cache worker for execution history cache (C:\Users\saipu\.gradle\caches\6.5\executionHistory)" [_thread_blocked, id=15984, stack(0x00000000224c0000,0x00000000225c0000)]
  0x000000001c76a800 JavaThread "Cache worker for file hash cache (C:\Users\saipu\.gradle\caches\6.5\fileHashes)" [_thread_blocked, id=21156, stack(0x000000001e8b0000,0x000000001e9b0000)]
  0x000000001c769800 JavaThread "File lock request listener" [_thread_in_native, id=11616, stack(0x000000001e7b0000,0x000000001e8b0000)]
  0x000000001c51e000 JavaThread "Cache worker for journal cache (C:\Users\saipu\.gradle\caches\journal-1)" [_thread_blocked, id=10044, stack(0x000000001e6b0000,0x000000001e7b0000)]
  0x000000001c408000 JavaThread "Daemon periodic checks" [_thread_blocked, id=3756, stack(0x000000001d9b0000,0x000000001dab0000)]
  0x000000001c406000 JavaThread "Incoming local TCP Connector on port 62676" [_thread_in_native, id=1568, stack(0x000000001d770000,0x000000001d870000)]
  0x000000001c336800 JavaThread "Daemon health stats" [_thread_blocked, id=13280, stack(0x000000001d470000,0x000000001d570000)]
  0x0000000019c44800 JavaThread "Service Thread" daemon [_thread_blocked, id=20912, stack(0x000000001a8d0000,0x000000001a9d0000)]
  0x0000000019bb1800 JavaThread "C1 CompilerThread3" daemon [_thread_in_vm, id=4344, stack(0x000000001a7d0000,0x000000001a8d0000)]
=>0x0000000019ba7800 JavaThread "C2 CompilerThread2" daemon [_thread_in_native, id=6672, stack(0x000000001a6d0000,0x000000001a7d0000)]
  0x0000000019ba3800 JavaThread "C2 CompilerThread1" daemon [_thread_in_native, id=20720, stack(0x000000001a5d0000,0x000000001a6d0000)]
  0x0000000019ba1000 JavaThread "C2 CompilerThread0" daemon [_thread_in_native, id=2140, stack(0x000000001a4d0000,0x000000001a5d0000)]
  0x0000000019ba0000 JavaThread "Attach Listener" daemon [_thread_blocked, id=7260, stack(0x000000001a3d0000,0x000000001a4d0000)]
  0x0000000019b9f000 JavaThread "Signal Dispatcher" daemon [_thread_blocked, id=16360, stack(0x000000001a2d0000,0x000000001a3d0000)]
  0x0000000019b91000 JavaThread "Finalizer" daemon [_thread_blocked, id=12860, stack(0x000000001a070000,0x000000001a170000)]
  0x0000000002d27800 JavaThread "Reference Handler" daemon [_thread_blocked, id=16632, stack(0x0000000019f70000,0x000000001a070000)]
  0x000000000106e000 JavaThread "main" [_thread_blocked, id=4368, stack(0x0000000002b30000,0x0000000002c30000)]

Other Threads:
  0x0000000017d96800 VMThread [stack: 0x0000000019a70000,0x0000000019b70000] [id=13976]
  0x0000000019c45800 WatcherThread [stack: 0x000000001a9d0000,0x000000001aad0000] [id=15128]

VM state:not at safepoint (normal execution)

VM Mutex/Monitor currently owned by a thread: None

heap address: 0x0000000080000000, size: 2048 MB, Compressed Oops mode: 32-bit
Narrow klass base: 0x0000000000000000, Narrow klass shift: 3
Compressed class space size: 1073741824 Address: 0x0000000100000000

Heap:
 PSYoungGen      total 504320K, used 202566K [0x00000000d5580000, 0x00000000f8d00000, 0x0000000100000000)
  eden space 434688K, 43% used [0x00000000d5580000,0x00000000e0d53630,0x00000000efe00000)
  from space 69632K, 20% used [0x00000000f4900000,0x00000000f56fe438,0x00000000f8d00000)
  to   space 73216K, 0% used [0x00000000efe00000,0x00000000efe00000,0x00000000f4580000)
 ParOldGen       total 231936K, used 71708K [0x0000000080000000, 0x000000008e280000, 0x00000000d5580000)
  object space 231936K, 30% used [0x0000000080000000,0x00000000846071a8,0x000000008e280000)
 Metaspace       used 118020K, capacity 126619K, committed 130200K, reserved 1163264K
  class space    used 14899K, capacity 16297K, committed 17072K, reserved 1048576K

Card table byte_map: [0x00000000120f0000,0x0000000012500000] byte_map_base: 0x0000000011cf0000

Marking Bits: (ParMarkBitMap*) 0x000000007331f030
 Begin Bits: [0x0000000012fb0000, 0x0000000014fb0000)
 End Bits:   [0x0000000014fb0000, 0x0000000016fb0000)

Polling page: 0x00000000026a0000

CodeCache: size=245760Kb used=95430Kb max_used=95430Kb free=150329Kb
 bounds [0x0000000002d30000, 0x0000000008b00000, 0x0000000011d30000]
 total_blobs=26846 nmethods=25884 adapters=872
 compilation: enabled

Compilation events (10 events):
Event: 12091.216 Thread 0x0000000019bb1800 35772       2       com.android.tools.r8.DexFilePerClassFileConsumer$DirectoryConsumer::accept (75 bytes)
Event: 12091.219 Thread 0x0000000019bb1800 nmethod 35772 0x0000000008af50d0 code [0x0000000008af5280, 0x0000000008af5678]
Event: 12091.219 Thread 0x0000000019bb1800 35773       2       com.android.tools.r8.DexFilePerClassFileConsumer$ForwardingConsumer::accept (21 bytes)
Event: 12091.219 Thread 0x0000000019bb1800 nmethod 35773 0x0000000008af5910 code [0x0000000008af5a80, 0x0000000008af5c08]
Event: 12091.247 Thread 0x0000000019bb1800 35774       2       com.android.build.gradle.internal.tasks.DexMergingTask_Decorated::getDebuggable (37 bytes)
Event: 12091.249 Thread 0x0000000019bb1800 nmethod 35774 0x0000000008af5cd0 code [0x0000000008af5e60, 0x0000000008af61b8]
Event: 12091.314 Thread 0x0000000019bb1800 35777       2       com.android.tools.r8.dex.a$a::a (150 bytes)
Event: 12091.316 Thread 0x0000000019bb1800 nmethod 35777 0x0000000008af6390 code [0x0000000008af6580, 0x0000000008af6bb8]
Event: 12091.318 Thread 0x0000000019bb1800 35778       1       com.android.tools.r8.graph.y$a::c (5 bytes)
Event: 12091.318 Thread 0x0000000019bb1800 nmethod 35778 0x0000000008af7090 code [0x0000000008af71e0, 0x0000000008af72f0]

GC Heap History (10 events):
Event: 10199.257 GC heap before
{Heap before GC invocations=59 (full 5):
 PSYoungGen      total 501248K, used 423007K [0x00000000d5580000, 0x00000000f9580000, 0x0000000100000000)
  eden space 417792K, 99% used [0x00000000d5580000,0x00000000eed7f9c0,0x00000000eed80000)
  from space 83456K, 6% used [0x00000000eed80000,0x00000000ef298600,0x00000000f3f00000)
  to   space 84480K, 0% used [0x00000000f4300000,0x00000000f4300000,0x00000000f9580000)
 ParOldGen       total 231936K, used 71668K [0x0000000080000000, 0x000000008e280000, 0x00000000d5580000)
  object space 231936K, 30% used [0x0000000080000000,0x00000000845fd1a8,0x000000008e280000)
 Metaspace       used 117700K, capacity 126261K, committed 130200K, reserved 1163264K
  class space    used 14898K, capacity 16296K, committed 17072K, reserved 1048576K
Event: 10199.285 GC heap after
Heap after GC invocations=59 (full 5):
 PSYoungGen      total 507392K, used 28152K [0x00000000d5580000, 0x00000000f9380000, 0x0000000100000000)
  eden space 424960K, 0% used [0x00000000d5580000,0x00000000d5580000,0x00000000ef480000)
  from space 82432K, 34% used [0x00000000f4300000,0x00000000f5e7e358,0x00000000f9380000)
  to   space 80384K, 0% used [0x00000000ef480000,0x00000000ef480000,0x00000000f4300000)
 ParOldGen       total 231936K, used 71676K [0x0000000080000000, 0x000000008e280000, 0x00000000d5580000)
  object space 231936K, 30% used [0x0000000080000000,0x00000000845ff1a8,0x000000008e280000)
 Metaspace       used 117700K, capacity 126261K, committed 130200K, reserved 1163264K
  class space    used 14898K, capacity 16296K, committed 17072K, reserved 1048576K
}
Event: 10339.833 GC heap before
{Heap before GC invocations=60 (full 5):
 PSYoungGen      total 507392K, used 453112K [0x00000000d5580000, 0x00000000f9380000, 0x0000000100000000)
  eden space 424960K, 100% used [0x00000000d5580000,0x00000000ef480000,0x00000000ef480000)
  from space 82432K, 34% used [0x00000000f4300000,0x00000000f5e7e358,0x00000000f9380000)
  to   space 80384K, 0% used [0x00000000ef480000,0x00000000ef480000,0x00000000f4300000)
 ParOldGen       total 231936K, used 71676K [0x0000000080000000, 0x000000008e280000, 0x00000000d5580000)
  object space 231936K, 30% used [0x0000000080000000,0x00000000845ff1a8,0x000000008e280000)
 Metaspace       used 117774K, capacity 126281K, committed 130200K, reserved 1163264K
  class space    used 14898K, capacity 16296K, committed 17072K, reserved 1048576K
Event: 10339.847 GC heap after
Heap after GC invocations=60 (full 5):
 PSYoungGen      total 505344K, used 14187K [0x00000000d5580000, 0x00000000f9580000, 0x0000000100000000)
  eden space 424960K, 0% used [0x00000000d5580000,0x00000000d5580000,0x00000000ef480000)
  from space 80384K, 17% used [0x00000000ef480000,0x00000000f025ac18,0x00000000f4300000)
  to   space 78848K, 0% used [0x00000000f4880000,0x00000000f4880000,0x00000000f9580000)
 ParOldGen       total 231936K, used 71684K [0x0000000080000000, 0x000000008e280000, 0x00000000d5580000)
  object space 231936K, 30% used [0x0000000080000000,0x00000000846011a8,0x000000008e280000)
 Metaspace       used 117774K, capacity 126281K, committed 130200K, reserved 1163264K
  class space    used 14898K, capacity 16296K, committed 17072K, reserved 1048576K
}
Event: 10375.253 GC heap before
{Heap before GC invocations=61 (full 5):
 PSYoungGen      total 505344K, used 439140K [0x00000000d5580000, 0x00000000f9580000, 0x0000000100000000)
  eden space 424960K, 99% used [0x00000000d5580000,0x00000000ef47e468,0x00000000ef480000)
  from space 80384K, 17% used [0x00000000ef480000,0x00000000f025ac18,0x00000000f4300000)
  to   space 78848K, 0% used [0x00000000f4880000,0x00000000f4880000,0x00000000f9580000)
 ParOldGen       total 231936K, used 71684K [0x0000000080000000, 0x000000008e280000, 0x00000000d5580000)
  object space 231936K, 30% used [0x0000000080000000,0x00000000846011a8,0x000000008e280000)
 Metaspace       used 117828K, capacity 126353K, committed 130200K, reserved 1163264K
  class space    used 14898K, capacity 16296K, committed 17072K, reserved 1048576K
Event: 10375.261 GC heap after
Heap after GC invocations=61 (full 5):
 PSYoungGen      total 506880K, used 10221K [0x00000000d5580000, 0x00000000f9280000, 0x0000000100000000)
  eden space 431104K, 0% used [0x00000000d5580000,0x00000000d5580000,0x00000000efa80000)
  from space 75776K, 13% used [0x00000000f4880000,0x00000000f527b740,0x00000000f9280000)
  to   space 77824K, 0% used [0x00000000efa80000,0x00000000efa80000,0x00000000f4680000)
 ParOldGen       total 231936K, used 71692K [0x0000000080000000, 0x000000008e280000, 0x00000000d5580000)
  object space 231936K, 30% used [0x0000000080000000,0x00000000846031a8,0x000000008e280000)
 Metaspace       used 117828K, capacity 126353K, committed 130200K, reserved 1163264K
  class space    used 14898K, capacity 16296K, committed 17072K, reserved 1048576K
}
Event: 10512.713 GC heap before
{Heap before GC invocations=62 (full 5):
 PSYoungGen      total 506880K, used 441325K [0x00000000d5580000, 0x00000000f9280000, 0x0000000100000000)
  eden space 431104K, 100% used [0x00000000d5580000,0x00000000efa80000,0x00000000efa80000)
  from space 75776K, 13% used [0x00000000f4880000,0x00000000f527b740,0x00000000f9280000)
  to   space 77824K, 0% used [0x00000000efa80000,0x00000000efa80000,0x00000000f4680000)
 ParOldGen       total 231936K, used 71692K [0x0000000080000000, 0x000000008e280000, 0x00000000d5580000)
  object space 231936K, 30% used [0x0000000080000000,0x00000000846031a8,0x000000008e280000)
 Metaspace       used 117918K, capacity 126549K, committed 130200K, reserved 1163264K
  class space    used 14898K, capacity 16296K, committed 17072K, reserved 1048576K
Event: 10512.741 GC heap after
Heap after GC invocations=62 (full 5):
 PSYoungGen      total 508928K, used 14368K [0x00000000d5580000, 0x00000000f9300000, 0x0000000100000000)
  eden space 431104K, 0% used [0x00000000d5580000,0x00000000d5580000,0x00000000efa80000)
  from space 77824K, 18% used [0x00000000efa80000,0x00000000f08882c8,0x00000000f4680000)
  to   space 75776K, 0% used [0x00000000f4900000,0x00000000f4900000,0x00000000f9300000)
 ParOldGen       total 231936K, used 71700K [0x0000000080000000, 0x000000008e280000, 0x00000000d5580000)
  object space 231936K, 30% used [0x0000000080000000,0x00000000846051a8,0x000000008e280000)
 Metaspace       used 117918K, capacity 126549K, committed 130200K, reserved 1163264K
  class space    used 14898K, capacity 16296K, committed 17072K, reserved 1048576K
}
Event: 12090.144 GC heap before
{Heap before GC invocations=63 (full 5):
 PSYoungGen      total 508928K, used 445472K [0x00000000d5580000, 0x00000000f9300000, 0x0000000100000000)
  eden space 431104K, 100% used [0x00000000d5580000,0x00000000efa80000,0x00000000efa80000)
  from space 77824K, 18% used [0x00000000efa80000,0x00000000f08882c8,0x00000000f4680000)
  to   space 75776K, 0% used [0x00000000f4900000,0x00000000f4900000,0x00000000f9300000)
 ParOldGen       total 231936K, used 71700K [0x0000000080000000, 0x000000008e280000, 0x00000000d5580000)
  object space 231936K, 30% used [0x0000000080000000,0x00000000846051a8,0x000000008e280000)
 Metaspace       used 118003K, capacity 126619K, committed 130200K, reserved 1163264K
  class space    used 14899K, capacity 16297K, committed 17072K, reserved 1048576K
Event: 12090.165 GC heap after
Heap after GC invocations=63 (full 5):
 PSYoungGen      total 504320K, used 14329K [0x00000000d5580000, 0x00000000f8d00000, 0x0000000100000000)
  eden space 434688K, 0% used [0x00000000d5580000,0x00000000d5580000,0x00000000efe00000)
  from space 69632K, 20% used [0x00000000f4900000,0x00000000f56fe438,0x00000000f8d00000)
  to   space 73216K, 0% used [0x00000000efe00000,0x00000000efe00000,0x00000000f4580000)
 ParOldGen       total 231936K, used 71708K [0x0000000080000000, 0x000000008e280000, 0x00000000d5580000)
  object space 231936K, 30% used [0x0000000080000000,0x00000000846071a8,0x000000008e280000)
 Metaspace       used 118003K, capacity 126619K, committed 130200K, reserved 1163264K
  class space    used 14899K, capacity 16297K, committed 17072K, reserved 1048576K
}

Deoptimization events (10 events):
Event: 10199.363 Thread 0x000000001c76b000 Uncommon trap: reason=array_check action=maybe_recompile pc=0x0000000008635544 method=java.util.TimSort.mergeLo(IIII)V @ 133
Event: 10199.363 Thread 0x000000001c76b000 Uncommon trap: reason=array_check action=maybe_recompile pc=0x00000000064ec4c4 method=java.util.TimSort.mergeHi(IIII)V @ 171
Event: 10199.642 Thread 0x0000000032fb7000 Uncommon trap: reason=bimorphic action=maybe_recompile pc=0x00000000049cf744 method=java.util.TimSort.mergeHi(IIII)V @ 227
Event: 10373.251 Thread 0x00000000202db800 Uncommon trap: reason=class_check action=maybe_recompile pc=0x00000000088a16f0 method=com.sun.org.apache.xerces.internal.dom.ElementImpl.getAttribute(Ljava/lang/String;)Ljava/lang/String; @ 32
Event: 10373.251 Thread 0x00000000202db800 Uncommon trap: reason=class_check action=maybe_recompile pc=0x00000000088a16f0 method=com.sun.org.apache.xerces.internal.dom.ElementImpl.getAttribute(Ljava/lang/String;)Ljava/lang/String; @ 32
Event: 10373.251 Thread 0x00000000202db800 Uncommon trap: reason=class_check action=maybe_recompile pc=0x00000000088a16f0 method=com.sun.org.apache.xerces.internal.dom.ElementImpl.getAttribute(Ljava/lang/String;)Ljava/lang/String; @ 32
Event: 10373.251 Thread 0x00000000202db800 Uncommon trap: reason=class_check action=maybe_recompile pc=0x00000000088a16f0 method=com.sun.org.apache.xerces.internal.dom.ElementImpl.getAttribute(Ljava/lang/String;)Ljava/lang/String; @ 32
Event: 10375.374 Thread 0x00000000202d5800 Uncommon trap: reason=null_check action=make_not_entrant pc=0x0000000003da92b8 method=java.lang.ThreadLocal$ThreadLocalMap.set(Ljava/lang/ThreadLocal;Ljava/lang/Object;)V @ 36
Event: 12090.862 Thread 0x000000001d09d000 Uncommon trap: reason=speculate_class_check action=maybe_recompile pc=0x00000000078ea350 method=com.sun.tools.javac.util.List.prependList(Lcom/sun/tools/javac/util/List;)Lcom/sun/tools/javac/util/List; @ 1
Event: 12091.055 Thread 0x0000000020638800 Uncommon trap: reason=unstable_if action=reinterpret pc=0x0000000008a0dab0 method=com.android.tools.r8.s.b.B.b(Lcom/android/tools/r8/s/b/k0;)Z @ 29

Classes redefined (0 events):
No events

Internal exceptions (10 events):
Event: 12091.230 Thread 0x0000000020637000 Exception <a 'sun/nio/fs/WindowsException'> (0x00000000de43f0d0) thrown at [C:\src\AOSP-openjdk-git\hotspot\src\share\vm\prims\jni.cpp, line 710]
Event: 12091.231 Thread 0x0000000020637000 Exception <a 'sun/nio/fs/WindowsException'> (0x00000000de4c9ea8) thrown at [C:\src\AOSP-openjdk-git\hotspot\src\share\vm\prims\jni.cpp, line 710]
Event: 12091.232 Thread 0x0000000020637000 Exception <a 'sun/nio/fs/WindowsException'> (0x00000000de4cf928) thrown at [C:\src\AOSP-openjdk-git\hotspot\src\share\vm\prims\jni.cpp, line 710]
Event: 12091.233 Thread 0x0000000020637000 Exception <a 'sun/nio/fs/WindowsException'> (0x00000000de559e18) thrown at [C:\src\AOSP-openjdk-git\hotspot\src\share\vm\prims\jni.cpp, line 710]
Event: 12091.234 Thread 0x0000000020637000 Exception <a 'sun/nio/fs/WindowsException'> (0x00000000de5660c0) thrown at [C:\src\AOSP-openjdk-git\hotspot\src\share\vm\prims\jni.cpp, line 710]
Event: 12091.234 Thread 0x0000000020637000 Exception <a 'sun/nio/fs/WindowsException'> (0x00000000de5eceb0) thrown at [C:\src\AOSP-openjdk-git\hotspot\src\share\vm\prims\jni.cpp, line 710]
Event: 12091.235 Thread 0x0000000020637000 Exception <a 'sun/nio/fs/WindowsException'> (0x00000000de5f58d0) thrown at [C:\src\AOSP-openjdk-git\hotspot\src\share\vm\prims\jni.cpp, line 710]
Event: 12091.236 Thread 0x0000000020637000 Exception <a 'sun/nio/fs/WindowsException'> (0x00000000de67ec38) thrown at [C:\src\AOSP-openjdk-git\hotspot\src\share\vm\prims\jni.cpp, line 710]
Event: 12091.237 Thread 0x0000000020637000 Exception <a 'sun/nio/fs/WindowsException'> (0x00000000de6cc568) thrown at [C:\src\AOSP-openjdk-git\hotspot\src\share\vm\prims\jni.cpp, line 710]
Event: 12091.282 Thread 0x0000000020639800 Exception <a 'sun/nio/fs/WindowsException'> (0x00000000df1817d8) thrown at [C:\src\AOSP-openjdk-git\hotspot\src\share\vm\prims\jni.cpp, line 710]

Events (10 events):
Event: 12091.309 Executing VM operation: RevokeBias
Event: 12091.309 Executing VM operation: RevokeBias done
Event: 12091.310 Executing VM operation: RevokeBias
Event: 12091.311 Executing VM operation: RevokeBias done
Event: 12091.311 Executing VM operation: RevokeBias
Event: 12091.311 Executing VM operation: RevokeBias done
Event: 12091.315 Executing VM operation: RevokeBias
Event: 12091.316 Executing VM operation: RevokeBias done
Event: 12091.317 Executing VM operation: RevokeBias
Event: 12091.317 Executing VM operation: RevokeBias done


Dynamic libraries:
0x00007ff7d52f0000 - 0x00007ff7d5321000 	C:\Program Files\Android\Android Studio\jre\bin\java.exe
0x00007ffd04900000 - 0x00007ffd04af0000 	C:\WINDOWS\SYSTEM32\ntdll.dll
0x00007ffd029b0000 - 0x00007ffd02a62000 	C:\WINDOWS\System32\KERNEL32.DLL
0x00007ffd02580000 - 0x00007ffd02823000 	C:\WINDOWS\System32\KERNELBASE.dll
0x00007ffd03790000 - 0x00007ffd03833000 	C:\WINDOWS\System32\ADVAPI32.dll
0x00007ffd03c60000 - 0x00007ffd03cfe000 	C:\WINDOWS\System32\msvcrt.dll
0x00007ffd03f80000 - 0x00007ffd04017000 	C:\WINDOWS\System32\sechost.dll
0x00007ffd03d00000 - 0x00007ffd03e20000 	C:\WINDOWS\System32\RPCRT4.dll
0x00007ffd04720000 - 0x00007ffd048b3000 	C:\WINDOWS\System32\USER32.dll
0x00007ffd02040000 - 0x00007ffd02061000 	C:\WINDOWS\System32\win32u.dll
0x00007ffd039f0000 - 0x00007ffd03a16000 	C:\WINDOWS\System32\GDI32.dll
0x00007ffd02110000 - 0x00007ffd022a4000 	C:\WINDOWS\System32\gdi32full.dll
0x00007ffd02070000 - 0x00007ffd0210e000 	C:\WINDOWS\System32\msvcp_win.dll
0x00007ffd02890000 - 0x00007ffd0298a000 	C:\WINDOWS\System32\ucrtbase.dll
0x00007ffcf3e80000 - 0x00007ffcf4105000 	C:\WINDOWS\WinSxS\amd64_microsoft.windows.common-controls_6595b64144ccf1df_6.0.18362.329_none_e6c7b0c7130c72de\COMCTL32.dll
0x00007ffd02af0000 - 0x00007ffd02e26000 	C:\WINDOWS\System32\combase.dll
0x00007ffd022b0000 - 0x00007ffd02330000 	C:\WINDOWS\System32\bcryptPrimitives.dll
0x00007ffd02e30000 - 0x00007ffd02e5e000 	C:\WINDOWS\System32\IMM32.DLL
0x00007ffceea60000 - 0x00007ffceea8b000 	C:\Program Files\MacType\MacType64.dll
0x00007ffceecb0000 - 0x00007ffceed06000 	C:\Program Files\MacType\Easyhk64.dll
0x00007ffcee920000 - 0x00007ffceea2e000 	C:\Program Files\MacType\MacType64.Core.dll
0x00007ffcfd7e0000 - 0x00007ffcfdda0000 	C:\WINDOWS\SYSTEM32\d2d1.dll
0x00007ffce39d0000 - 0x00007ffce3cce000 	C:\WINDOWS\SYSTEM32\dwrite.dll
0x0000000074390000 - 0x0000000074462000 	C:\Program Files\Android\Android Studio\jre\jre\bin\msvcr100.dll
0x0000000072b50000 - 0x000000007339b000 	C:\Program Files\Android\Android Studio\jre\jre\bin\server\jvm.dll
0x00007ffd04710000 - 0x00007ffd04718000 	C:\WINDOWS\System32\PSAPI.DLL
0x00007ffcf23c0000 - 0x00007ffcf23c9000 	C:\WINDOWS\SYSTEM32\WSOCK32.dll
0x00007ffcfeb40000 - 0x00007ffcfeb64000 	C:\WINDOWS\SYSTEM32\WINMM.dll
0x00007ffcfc0a0000 - 0x00007ffcfc0aa000 	C:\WINDOWS\SYSTEM32\VERSION.dll
0x00007ffcfe7d0000 - 0x00007ffcfe7fd000 	C:\WINDOWS\SYSTEM32\winmmbase.dll
0x00007ffd023e0000 - 0x00007ffd0242a000 	C:\WINDOWS\System32\cfgmgr32.dll
0x00007ffd03050000 - 0x00007ffd030bf000 	C:\WINDOWS\System32\ws2_32.DLL
0x00007ffcfad40000 - 0x00007ffcfad4f000 	C:\Program Files\Android\Android Studio\jre\jre\bin\verify.dll
0x00007ffcf6e10000 - 0x00007ffcf6e39000 	C:\Program Files\Android\Android Studio\jre\jre\bin\java.dll
0x00007ffcf6de0000 - 0x00007ffcf6df6000 	C:\Program Files\Android\Android Studio\jre\jre\bin\zip.dll
0x00007ffd04020000 - 0x00007ffd04705000 	C:\WINDOWS\System32\SHELL32.dll
0x00007ffd03660000 - 0x00007ffd03709000 	C:\WINDOWS\System32\shcore.dll
0x00007ffd01890000 - 0x00007ffd0200e000 	C:\WINDOWS\System32\windows.storage.dll
0x00007ffd017e0000 - 0x00007ffd017ff000 	C:\WINDOWS\System32\profapi.dll
0x00007ffd01800000 - 0x00007ffd0184a000 	C:\WINDOWS\System32\powrprof.dll
0x00007ffd017d0000 - 0x00007ffd017e0000 	C:\WINDOWS\System32\UMPDC.dll
0x000000001a270000 - 0x000000001a2c2000 	C:\WINDOWS\System32\shlwapi.dll
0x00007ffd01870000 - 0x00007ffd01881000 	C:\WINDOWS\System32\kernel.appcore.dll
0x00007ffd02990000 - 0x00007ffd029a7000 	C:\WINDOWS\System32\cryptsp.dll
0x00007ffcf2de0000 - 0x00007ffcf2dfa000 	C:\Program Files\Android\Android Studio\jre\jre\bin\net.dll
0x00007ffd00fe0000 - 0x00007ffd01047000 	C:\WINDOWS\system32\mswsock.dll
0x00007ffced580000 - 0x00007ffced593000 	C:\Program Files\Android\Android Studio\jre\jre\bin\nio.dll
0x00007ffcfec20000 - 0x00007ffcfec47000 	C:\Users\saipu\.gradle\native\f6784746aeab05261644944871eae4fe03e0ef1612fff0a4a95f87b438bc6780\windows-amd64\native-platform.dll
0x00007ffcfad30000 - 0x00007ffcfad3d000 	C:\Program Files\Android\Android Studio\jre\jre\bin\management.dll
0x00007ffd00b50000 - 0x00007ffd00b83000 	C:\WINDOWS\system32\rsaenh.dll
0x00007ffd02010000 - 0x00007ffd02036000 	C:\WINDOWS\System32\bcrypt.dll
0x00007ffd016f0000 - 0x00007ffd01715000 	C:\WINDOWS\SYSTEM32\USERENV.dll
0x00007ffd015c0000 - 0x00007ffd015cc000 	C:\WINDOWS\SYSTEM32\CRYPTBASE.dll
0x00007ffd00cf0000 - 0x00007ffd00d2a000 	C:\WINDOWS\SYSTEM32\IPHLPAPI.DLL
0x00007ffd038b0000 - 0x00007ffd038b8000 	C:\WINDOWS\System32\NSI.dll
0x00007ffcfc010000 - 0x00007ffcfc026000 	C:\WINDOWS\SYSTEM32\dhcpcsvc6.DLL
0x00007ffcfbff0000 - 0x00007ffcfc00c000 	C:\WINDOWS\SYSTEM32\dhcpcsvc.DLL
0x00007ffd00d30000 - 0x00007ffd00dfa000 	C:\WINDOWS\SYSTEM32\DNSAPI.dll
0x00007ffcfc0b0000 - 0x00007ffcfc0bb000 	C:\WINDOWS\SYSTEM32\WINNSI.DLL
0x00007ffd00830000 - 0x00007ffd00861000 	C:\WINDOWS\SYSTEM32\ntmarta.dll
0x00007ffced320000 - 0x00007ffced344000 	C:\Program Files\Android\Android Studio\jre\jre\bin\sunec.dll
0x00007ffcf9790000 - 0x00007ffcf979a000 	C:\Windows\System32\rasadhlp.dll
0x00007ffcfb600000 - 0x00007ffcfb677000 	C:\WINDOWS\System32\fwpuclnt.dll
0x00007ffcf92e0000 - 0x00007ffcf92eb000 	C:\Program Files\Android\Android Studio\jre\jre\bin\sunmscapi.dll
0x000000002b210000 - 0x000000002b359000 	C:\WINDOWS\System32\CRYPT32.dll
0x00007ffd01850000 - 0x00007ffd01862000 	C:\WINDOWS\System32\MSASN1.dll
0x00007ffcf20b0000 - 0x00007ffcf22a4000 	C:\WINDOWS\SYSTEM32\dbghelp.dll

VM Arguments:
jvm_args: -Xmx2048m -Dfile.encoding=UTF-8 -Duser.country=US -Duser.language=en -Duser.variant 
java_command: org.gradle.launcher.daemon.bootstrap.GradleDaemon 6.5
java_class_path (initial): C:\Users\saipu\.gradle\wrapper\dists\gradle-6.5-bin\6nifqtx7604sqp1q6g8wikw7p\gradle-6.5\lib\gradle-launcher-6.5.jar
Launcher Type: SUN_STANDARD

Environment Variables:
PATH=C:\Program Files (x86)\Common Files\Oracle\Java\javapath;C:\Program Files (x86)\Common Files\Intel\Shared Libraries\redist\intel64\compiler;C:\WINDOWS\system32;C:\WINDOWS;C:\WINDOWS\System32\Wbem;C:\WINDOWS\System32\WindowsPowerShell\v1.0\;C:\WINDOWS\System32\OpenSSH\;C:\Program Files (x86)\NVIDIA Corporation\PhysX\Common;C:\Program Files\NVIDIA Corporation\NVIDIA NvDLISR;C:\Program Files\Git\cmd;H:\Software_Installed\xampp\php;C:\Program Files\Android\Android Studio\jre\bin;C:\Program Files (x86)\QuickTime\QTSystem\;C:\Program Files (x86)\Microsoft SQL Server\100\Tools\Binn\;C:\Program Files\Microsoft SQL Server\100\Tools\Binn\;C:\Program Files\Microsoft SQL Server\100\DTS\Binn\;C:\Program Files\MATLAB\R2016b\runtime\win64;C:\Program Files\MATLAB\R2016b\bin;C:\Program Files\MATLAB\R2016b\polyspace\bin;C:\ProgramData\ComposerSetup\bin;C:\Program Files (x86)\Microsoft SQL Server\150\DTS\Binn\;C:\Program Files\Azure Data Studio\bin;C:\Program Files\nodejs\;C:\Users\saipu\AppData\Local\Programs\Python\Python37-3;C:\adb;C:\Users\saipu\AppData\Local\Programs\Python\Python37-32\Scripts\;C:\Users\saipu\AppData\Local\Programs\Python\Python37-32\;C:\Users\saipu\AppData\Local\Microsoft\WindowsApps;C:\Users\saipu\AppData\Local\Programs\Microsoft VS Code\bin;C:\Program Files\Android\Android Studio\jre\jre\bin;C:\Users\saipu\AppData\Roaming\Composer\vendor\bin;C:\Program Files\Azure Data Studio\bin;G:\Tugas Kuliah n Materi\Mobile Programming\Decompile APP;C:\Users\saipu\AppData\Roaming\npm;C:\Users\saipu\AppData\Local\GitHubDesktop\bin;C:\adb;
USERNAME=saipu
OS=Windows_NT
PROCESSOR_IDENTIFIER=Intel64 Family 6 Model 58 Stepping 9, GenuineIntel



---------------  S Y S T E M  ---------------

OS: Windows 10.0 , 64 bit Build 18362 (10.0.18362.329)

CPU:total 8 (initial active 8) (4 cores per cpu, 2 threads per core) family 6 model 58 stepping 9, cmov, cx8, fxsr, mmx, sse, sse2, sse3, ssse3, sse4.1, sse4.2, popcnt, avx, aes, clmul, erms, ht, tsc, tscinvbit, tscinv

Memory: 4k page, physical 8201576k(525160k free), swap 17738656k(3116752k free)

vm_info: OpenJDK 64-Bit Server VM (25.242-b01) for windows-amd64 JRE (1.8.0_242-release-1644-b01), built by "builder" with MS VC++ 10.0 (VS2010)

time: Tue Feb 23 09:57:41 2021
timezone: SE Asia Standard Time
elapsed time: 12091 seconds (0d 3h 21m 31s)

